make.exe all --print-data-base --no-builtin-variables --no-builtin-rules --question
make: *** No rule to make target 'all'.  Stop.
 
# GNU Make 4.3
# Built for x86_64-pc-cygwin
# Copyright (C) 1988-2020 Free Software Foundation, Inc.
# License GPLv3+: GNU GPL version 3 or later <http://gnu.org/licenses/gpl.html>
# This is free software: you are free to change and redistribute it.
# There is NO WARRANTY, to the extent permitted by law.
 

# Make data base, printed on Thu Mar  3 16:40:10 2022

# Variables

# environment
FPS_BROWSER_APP_PROFILE_STRING = Internet Explorer
 
# environment
SYSTEMDRIVE = C:
# environment
JAVA_HOME = C:\Program Files\Java\jdk1.8.0_321
# environment
LC_ALL = C
# environment
USERPROFILE = C:\Users\Guilherme Gouveia
# environment
VBOX_MSI_INSTALL_PATH = C:\Program Files\Oracle\VirtualBox\
# environment
LOCALAPPDATA = C:\Users\Guilherme Gouveia\AppData\Local
# environment
VSCODE_IPC_HOOK_EXTHOST = \\.\pipe\vscode-ipc-2ececa3c-073e-42b2-9dc1-8ed199d2f29c-sock
# environment
VSCODE_CWD = C:\Users\Guilherme Gouveia\AppData\Local\Programs\Microsoft VS Code
# makefile (from '.env', line 9)
PAYARA_MANAGER_PORT = 4848
# environment
SYSTEMROOT = C:\WINDOWS
# environment
PROCESSOR_LEVEL = 6
# environment
PSMODULEPATH = C:\Program Files\WindowsPowerShell\Modules;C:\WINDOWS\system32\WindowsPowerShell\v1.0\Modules
# default
MAKE_COMMAND := make
# automatic
@D = $(patsubst %/,%,$(dir $@))
# environment
CHROME_CRASHPAD_PIPE_NAME = \\.\pipe\crashpad_11020_HQEONAHWWYFOQZIL
# environment
FPS_BROWSER_USER_PROFILE_STRING = Default
# environment
VSCODE_HANDLES_UNCAUGHT_ERRORS = true
# default
.VARIABLES := 
# automatic
%D = $(patsubst %/,%,$(dir $%))
# automatic
^D = $(patsubst %/,%,$(dir $^))
# environment
VSCODE_LOG_STACK = false
# automatic
%F = $(notdir $%)
# environment
VSCODE_CODE_CACHE_PATH = C:\Users\Guilherme Gouveia\AppData\Roaming\Code\CachedData\f80445acd5a3dadef24aa209168452a3d97cc326
# makefile (from '.env', line 4)
MYSQL_PASSWD = password
# environment
LANG = C
# default
.LOADED := 
# environment
TMP = /cygdrive/c/Users/GUILHE~1/AppData/Local/Temp
# default
.INCLUDE_DIRS = /usr/include /usr/include
# makefile
MAKEFLAGS = pqrR
# environment
ONEDRIVE = C:\Users\Guilherme Gouveia\OneDrive
# makefile
CURDIR := /cygdrive/c/Users/Guilherme Gouveia/IdeaProjects/hostel-app-gcva
# environment
VSCODE_PIPE_LOGGING = true
# environment
APPLICATION_INSIGHTS_NO_DIAGNOSTIC_CHANNEL = 1
# automatic
*D = $(patsubst %/,%,$(dir $*))
# environment
PROGRAMFILES = C:\Program Files
# environment
MFLAGS = -pqrR
# default
.SHELLFLAGS := -c
# environment
!C: = c:\Users\Guilherme Gouveia\IdeaProjects\hostel-app-gcva
# environment
COMMONPROGRAMW6432 = C:\Program Files\Common Files
# automatic
+D = $(patsubst %/,%,$(dir $+))
# makefile (from '.env', line 1)
MAKEFILE_LIST := makefile .env
# automatic
@F = $(notdir $@)
# environment
VSCODE_VERBOSE_LOGGING = true
# environment
VSCODE_PID = 11020
# automatic
?D = $(patsubst %/,%,$(dir $?))
# automatic
*F = $(notdir $*)
# makefile (from '.env', line 10)
PAYARA_DEPLOYMENT_PORT = 8080
# makefile (from '.env', line 2)
MYSQL_PORT = 32769
# automatic
<D = $(patsubst %/,%,$(dir $<))
# environment
VSCODE_NLS_CONFIG = {"locale":"pt-br","availableLanguages":{},"_languagePackSupport":true}
# environment
ONEDRIVECONSUMER = C:\Users\Guilherme Gouveia\OneDrive
# default
MAKE_HOST := x86_64-pc-cygwin
# makefile (from '.env', line 3)
MYSQL_USER = root
# environment
PROGRAMDATA = C:\ProgramData
# default
SHELL := /bin/sh
# environment
HOMEPATH = \Users\Guilherme Gouveia
# default
MAKECMDGOALS := all
# environment
DRIVERDATA = C:\Windows\System32\Drivers\DriverData
# environment
COMSPEC = C:\WINDOWS\system32\cmd.exe
# environment
WINDIR = C:\WINDOWS
# environment
MAKELEVEL := 0
# default
MAKE = $(MAKE_COMMAND)
# makefile (from '.env', line 11)
PAYARA_DOMAIN = payaradomain
# environment
PATH = /cygdrive/c/Program Files (x86)/Common Files/Oracle/Java/javapath:/cygdrive/c/WINDOWS/system32:/cygdrive/c/WINDOWS:/cygdrive/c/WINDOWS/System32/Wbem:/cygdrive/c/WINDOWS/System32/WindowsPowerShell/v1.0:/cygdrive/c/WINDOWS/System32/OpenSSH:/cygdrive/c/Program Files/nodejs:/usr/bin:/cygdrive/c/Program Files/Graphviz/bin:/cygdrive/c/Program Files/Docker/Docker/resources/bin:/cygdrive/c/ProgramData/DockerDesktop/version-bin:/cygdrive/c/Program Files/Git/cmd:/cygdrive/c/Users/Guilherme Gouveia/AppData/Local/Programs/Python/Python38-32/Scripts:/cygdrive/c/Users/Guilherme Gouveia/AppData/Local/Programs/Python/Python38-32:/cygdrive/c/Users/Guilherme Gouveia/AppData/Local/Microsoft/WindowsApps:/cygdrive/c/Program Files/JetBrains/PyCharm Community Edition 2019.1.2/bin:/cygdrive/c/Users/Guilherme Gouveia/AppData/Roaming/npm:/cygdrive/c/Users/Guilherme Gouveia/AppData/Local/Programs/Microsoft VS Code/bin:/cygdrive/c/Program Files/JetBrains/IntelliJ IDEA 2021.3.2/bin:/cygdrive/c/Program Files/apache-maven-3.8.4/bin
# environment
COMPUTERNAME = GUILHERME-PC
# default
MAKEFILES := 
# automatic
^F = $(notdir $^)
# environment
PROMPT = $P$G
# environment
INTELLIJ IDEA = C:\Program Files\JetBrains\IntelliJ IDEA 2021.3.2\bin;
# makefile (from '.env', line 12)
PAYARA_LOCAL_DIR = ./docker/payara
# environment
LOGONSERVER = \\GUILHERME-PC
# environment
VSCODE_LOG_NATIVE = false
# environment
USERNAME = Guilherme Gouveia
# environment
 
COMMONPROGRAMFILES = C:\Program Files\Common Files
# automatic
?F = $(notdir $?)
# environment
PROGRAMW6432 = C:\Program Files
# environment
PATHEXT = .COM;.EXE;.BAT;.CMD;.VBS;.VBE;.JS;.JSE;.WSF;.WSH;.MSC
# automatic
+F = $(notdir $+)
# environment
ORIGINAL_XDG_CURRENT_DESKTOP = undefined
# environment
USERDOMAIN = GUILHERME-PC
# 'override' directive
GNUMAKEFLAGS := 
# makefile (from '.env', line 6)
MYSQL_LOCAL_DIR = ./docker/mysql
# environment
OS = Windows_NT
# makefile
.DEFAULT_GOAL := init
# default
MAKE_VERSION := 4.3
# makefile (from '.env', line 13)
AUTODEPLOY_DIR = /opt/payara41/glassfish/domains/${PAYARA_DOMAIN}/autodeploy
# environment
PROGRAMFILES(X86) = C:\Program Files (x86)
# environment
USERDOMAIN_ROAMINGPROFILE = GUILHERME-PC
# environment
NUMBER_OF_PROCESSORS = 4
# environment
PUBLIC = C:\Users\Public
# environment
APPDATA = C:\Users\Guilherme Gouveia\AppData\Roaming
# environment
HOMEDRIVE = C:
# environment
PROCESSOR_ARCHITECTURE = AMD64
# environment
PYCHARM COMMUNITY EDITION = C:\Program Files\JetBrains\PyCharm Community Edition 2019.1.2\bin;
# environment
VSCODE_AMD_ENTRYPOINT = vs/workbench/services/extensions/node/extensionHostProcess
# environment
HOME = /home/Guilherme Gouveia
# environment
COMMONPROGRAMFILES(X86) = C:\Program Files (x86)\Common Files
# environment
ELECTRON_RUN_AS_NODE = 1
# environment
TEMP = /cygdrive/c/Users/GUILHE~1/AppData/Local/Temp
# environment
VSCODE_IPC_HOOK = \\.\pipe\cd9eed1ea0abb0a522848d79072ab9a6-1.64.2-main-sock
# environment
TERM = xterm-256color
# default
.RECIPEPREFIX := 
# automatic
<F = $(notdir $<)
# default
SUFFIXES := 
# environment
ALLUSERSPROFILE = C:\ProgramData
# environment
SESSIONNAME = Console
# default
.FEATURES := target-specific order-only second-expansion else-if shortest-stem undefine oneshell nocomment grouped-target extra-prereqs archives jobserver output-sync check-symlink guile load
# environment
PROCESSOR_REVISION = 2a07
# makefile (from '.env', line 5)
MYSQL_DB = hostelDB
# environment
PROCESSOR_IDENTIFIER = Intel64 Family 6 Model 42 Stepping 7, GenuineIntel
# variable set hash-table stats:
 
# Load=111/1024=11%, Rehash=0, Collisions=16/140=11%

# Pattern-specific Variable Values

# No pattern-specific variable values.

# Directories

# . (device 2763411246, inode 3096224744021480): 15 files, no impossibilities.

# 15 files, no impossibilities in 1 directories.

# Implicit Rules

# No implicit rules.

# Files

deploy:
#  Implicit rule search has not been done.
#  Modification time never checked.
#  File has not been updated.
#  recipe to execute (from 'makefile', line 11):
	
	@echo "Build project maven..."; \
	mvn --file ./backend/pom.xml clean package; \
	@echo "Realizando deploy in Payara Server Container"; \
	cp ./backend/target/hostel-demo-1.0-SNAPSHOT.war ${PAYARA_LOCAL_DIR}/deployments/api.war; \
	docker exec -it hostel-app-gcva_hostel-app-server_1 /opt/payara41/bin/deploy_script.sh; \


# Not a target:
docker:
#  Implicit rule search has not been done.
#  Modification time never checked.
#  File has not been updated.

# Not a target:
.env:
#  Implicit rule search has been done.
#  Last modified 2022-03-03 12:27:56.3982533
#  File has been updated.
#  Successfully updated.

# Not a target:
docker-compose.yml:
#  Implicit rule search has not been done.
#  Modification time never checked.
#  File has not been updated.

# Not a target:
.env.example:
#  Implicit rule search has not been done.
#  Modification time never checked.
#  File has not been updated.

# Not a target:
.DEFAULT:
#  Implicit rule search has not been done.
#  Modification time never checked.
#  File has not been updated.

init: docker-compose.yml .env.example
#  Implicit rule search has not been done.
#  Modification time never checked.
#  File has not been updated.
#  recipe to execute (from 'makefile', line 3):
	
	cp .env.example .env; \
	docker-compose up -d; \
	cp ./config/script/deploy_script.sh ${PAYARA_LOCAL_DIR}/bin/deploy_script.sh; \


# Not a target:
all:
#  Command line target.
#  Implicit rule search has been done.
#  File does not exist.
#  File has not been updated.

run: docker-compose.yml
#  Implicit rule search has not been done.
#  Modification time never checked.
#  File has not been updated.
#  recipe to execute (from 'makefile', line 8):
	
	docker-compose up -d; \


test:
#  Implicit rule search has not been done.
#  Modification time never checked.
#  File has not been updated.
#  recipe to execute (from 'makefile', line 25):
	
	@echo "Build maven app.."; \

	@echo "Build maven app.."; \


# Not a target:
makefile:
#  Implicit rule search has been done.
#  Last modified 2022-03-03 16:39:44.0420403
#  File has been updated.
#  Successfully updated.

drop: docker-compose.yml .env docker
#  Implicit rule search has not been done.
#  Modification time never checked.
#  File has not been updated.
#  recipe to execute (from 'makefile', line 18):
	
	docker-compose stop; \
	docker-compose rm -f; \
	docker volume rm -f hostel-app-gcva_mysql-data; \
	rm .env; \
	rm -rf docker; \


# files hash-table stats:
 
# Load=13/1024=1%, Rehash=0, Collisions=0/30=0%
# VPATH Search Paths

# No 'vpath' search paths.

# No general ('VPATH' variable) search path.

# strcache buffers: 1 (0) / strings = 24 / storage = 191 B / avg = 7 B
# current buf: size = 8162 B / used = 191 B / count = 24 / avg = 7 B

# strcache performance: lookups = 41 / hit rate = 41%
# hash-table stats:
# Load=24/8192=0%, Rehash=0, Collisions=0/41=0%
# Finished Make data base on Thu Mar  3 16:40:10 2022

 
